[ERROR] pengelana/stderr:
caution: filename not matched:  blocklist-master/src/blacklist/blocklists-*.txt
[ERROR] isc_univsydney/stderr:
Error: failed to parse: value expected
[ERROR] isc_ciarmy/stderr:
Error: failed to parse: value expected
[ERROR] isc_alphastrike/stderr:
Error: failed to parse: value expected
[ERROR] isc_erratasec/stderr:
Error: failed to parse: value expected
[ERROR] isc_internetcensus/stderr:
Error: failed to parse: value expected
[ERROR] isc_adscore/stderr:
Error: failed to parse: value expected
[ERROR] isc_arbor/stderr:
Error: failed to parse: value expected
[ERROR] isc_univmichigan/stderr:
Error: failed to parse: value expected
[ERROR] isc_censys/stderr:
Error: failed to parse: value expected
[ERROR] isc_blindferret/stderr:
Error: failed to parse: value expected
[ERROR] isc_cybergreen/stderr:
Error: failed to parse: value expected
[ERROR] isc_ipip/stderr:
Error: failed to parse: value expected
[ERROR] isc_onyphe/stderr:
Error: failed to parse: value expected
[ERROR] isc_stretchoid/stderr:
Error: failed to parse: value expected
[ERROR] isc_rapid7sonar/stderr:
Error: failed to parse: value expected
[ERROR] isc_netsystems/stderr:
Error: failed to parse: value expected
