[info] Starting @adguard/hostlist-compiler v1.0.39
[info] Starting the compiler
[info] Configuration: {
    "name": "Blocklist",
    "sources": [
        {
            "source": "https://raw.githubusercontent.com/bestpika/abp/master/yui.txt",
            "type": "adblock"
        }
    ],
    "transformations": [
        "RemoveComments",
        "Deduplicate",
        "Compress",
        "Validate",
        "TrimLines",
        "InsertFinalNewLine"
    ]
}
[info] Start compiling https://raw.githubusercontent.com/bestpika/abp/master/yui.txt
[info] Original length is 278
[info] Length after applying transformations is 278
[info] Lines trimmed.
[info] Removed 82 comments
[info] The list was compressed from 199 to 199
[info] Deduplication removed 0 rules
[info] Final newline inserted
[info] Final length of the list is 31
[info] Writing output to /tmp/tmp.Zvc61Wnh0E/BLOCK/bestpika_yui
[info] Finished compiling
[info] Starting @adguard/hostlist-compiler v1.0.39
[info] Starting the compiler
[info] Configuration: {
    "name": "Blocklist",
    "sources": [
        {
            "source": "https://raw.githubusercontent.com/cjx82630/cjxlist/master/cjx-annoyance.txt",
            "type": "adblock"
        }
    ],
    "transformations": [
        "RemoveComments",
        "Deduplicate",
        "Compress",
        "Validate",
        "TrimLines",
        "InsertFinalNewLine"
    ]
}
[info] Start compiling https://raw.githubusercontent.com/cjx82630/cjxlist/master/cjx-annoyance.txt
[info] Original length is 1861
[info] Length after applying transformations is 1861
[info] Lines trimmed.
[info] Removed 23 comments
[info] The list was compressed from 1841 to 1841
[info] Deduplication removed 0 rules
[info] Final newline inserted
[info] Final length of the list is 121
[info] Writing output to /tmp/tmp.Zvc61Wnh0E/BLOCK/cjxlist
[info] Finished compiling
[info] Starting @adguard/hostlist-compiler v1.0.39
[info] Starting the compiler
[info] Configuration: {
    "name": "Blocklist",
    "sources": [
        {
            "source": "https://raw.githubusercontent.com/uBlockOrigin/uAssets/master/filters/badware.txt",
            "type": "adblock"
        }
    ],
    "transformations": [
        "RemoveComments",
        "Deduplicate",
        "Compress",
        "Validate",
        "TrimLines",
        "InsertFinalNewLine"
    ]
}
[info] Start compiling https://raw.githubusercontent.com/uBlockOrigin/uAssets/master/filters/badware.txt
[info] Original length is 5729
[info] Length after applying transformations is 5729
[info] Lines trimmed.
[info] Removed 1502 comments
[info] The list was compressed from 4230 to 4230
[info] Deduplication removed 0 rules
[info] Final newline inserted
[info] Final length of the list is 54
[info] Writing output to /tmp/tmp.Zvc61Wnh0E/BLOCK/uassets_badware
[info] Finished compiling
[info] Starting @adguard/hostlist-compiler v1.0.39
[info] Starting the compiler
[info] Configuration: {
    "name": "Blocklist",
    "sources": [
        {
            "source": "https://raw.githubusercontent.com/uBlockOrigin/uAssets/master/filters/filters-2020.txt",
            "type": "adblock"
        }
    ],
    "transformations": [
        "RemoveComments",
        "Deduplicate",
        "Compress",
        "Validate",
        "TrimLines",
        "InsertFinalNewLine"
    ]
}
[info] Start compiling https://raw.githubusercontent.com/uBlockOrigin/uAssets/master/filters/filters-2020.txt
[info] Original length is 2480
[info] Length after applying transformations is 2480
[info] Lines trimmed.
[info] Removed 816 comments
[info] The list was compressed from 1667 to 1667
[info] Deduplication removed 0 rules
[info] Final newline inserted
[info] Final length of the list is 15
[info] Writing output to /tmp/tmp.Zvc61Wnh0E/BLOCK/uassets_filters_2020
[info] Finished compiling
[info] Starting @adguard/hostlist-compiler v1.0.39
[info] Starting the compiler
[info] Configuration: {
    "name": "Blocklist",
    "sources": [
        {
            "source": "https://raw.githubusercontent.com/uBlockOrigin/uAssets/master/filters/filters-2021.txt",
            "type": "adblock"
        }
    ],
    "transformations": [
        "RemoveComments",
        "Deduplicate",
        "Compress",
        "Validate",
        "TrimLines",
        "InsertFinalNewLine"
    ]
}
[info] Start compiling https://raw.githubusercontent.com/uBlockOrigin/uAssets/master/filters/filters-2021.txt
[info] Original length is 3224
[info] Length after applying transformations is 3224
[info] Lines trimmed.
[info] Removed 961 comments
[info] The list was compressed from 2266 to 2266
[info] Deduplication removed 0 rules
[info] Final newline inserted
[info] Final length of the list is 17
[info] Writing output to /tmp/tmp.Zvc61Wnh0E/BLOCK/uassets_filters_2021
[info] Finished compiling
[info] Starting @adguard/hostlist-compiler v1.0.39
[info] Starting the compiler
[info] Configuration: {
    "name": "Blocklist",
    "sources": [
        {
            "source": "https://raw.githubusercontent.com/uBlockOrigin/uAssets/master/filters/filters-2022.txt",
            "type": "adblock"
        }
    ],
    "transformations": [
        "RemoveComments",
        "Deduplicate",
        "Compress",
        "Validate",
        "TrimLines",
        "InsertFinalNewLine"
    ]
}
[info] Start compiling https://raw.githubusercontent.com/uBlockOrigin/uAssets/master/filters/filters-2022.txt
[info] Original length is 2947
[info] Length after applying transformations is 2947
[info] Lines trimmed.
[info] Removed 1022 comments
[info] The list was compressed from 1928 to 1928
[info] Deduplication removed 0 rules
[info] Final newline inserted
[info] Final length of the list is 21
[info] Writing output to /tmp/tmp.Zvc61Wnh0E/BLOCK/uassets_filters_2022
[info] Finished compiling
[info] Starting @adguard/hostlist-compiler v1.0.39
[info] Starting the compiler
[info] Configuration: {
    "name": "Blocklist",
    "sources": [
        {
            "source": "https://raw.githubusercontent.com/uBlockOrigin/uAssets/master/filters/filters-2023.txt",
            "type": "adblock"
        }
    ],
    "transformations": [
        "RemoveComments",
        "Deduplicate",
        "Compress",
        "Validate",
        "TrimLines",
        "InsertFinalNewLine"
    ]
}
[info] Start compiling https://raw.githubusercontent.com/uBlockOrigin/uAssets/master/filters/filters-2023.txt
[info] Original length is 3673
[info] Length after applying transformations is 3673
[info] Lines trimmed.
[info] Removed 1232 comments
[info] The list was compressed from 2444 to 2444
[info] Deduplication removed 0 rules
[info] Final newline inserted
[info] Final length of the list is 21
[info] Writing output to /tmp/tmp.Zvc61Wnh0E/BLOCK/uassets_filters_2023
[info] Finished compiling
[info] Starting @adguard/hostlist-compiler v1.0.39
[info] Starting the compiler
[info] Configuration: {
    "name": "Blocklist",
    "sources": [
        {
            "source": "https://raw.githubusercontent.com/uBlockOrigin/uAssets/master/filters/filters-2024.txt",
            "type": "adblock"
        }
    ],
    "transformations": [
        "RemoveComments",
        "Deduplicate",
        "Compress",
        "Validate",
        "TrimLines",
        "InsertFinalNewLine"
    ]
}
[info] Start compiling https://raw.githubusercontent.com/uBlockOrigin/uAssets/master/filters/filters-2024.txt
[info] Original length is 3258
[info] Length after applying transformations is 3258
[info] Lines trimmed.
[info] Removed 1157 comments
[info] The list was compressed from 2104 to 2104
[info] Deduplication removed 0 rules
[info] Final newline inserted
[info] Final length of the list is 20
[info] Writing output to /tmp/tmp.Zvc61Wnh0E/BLOCK/uassets_filters_2024
[info] Finished compiling
[info] Starting @adguard/hostlist-compiler v1.0.39
[info] Starting the compiler
[info] Configuration: {
    "name": "Blocklist",
    "sources": [
        {
            "source": "https://raw.githubusercontent.com/uBlockOrigin/uAssets/master/filters/filters.txt",
            "type": "adblock"
        }
    ],
    "transformations": [
        "RemoveComments",
        "Deduplicate",
        "Compress",
        "Validate",
        "TrimLines",
        "InsertFinalNewLine"
    ]
}
[info] Start compiling https://raw.githubusercontent.com/uBlockOrigin/uAssets/master/filters/filters.txt
[info] Original length is 32700
[info] Length after applying transformations is 32700
[info] Lines trimmed.
[info] Removed 10248 comments
[info] The list was compressed from 22455 to 22455
[info] Deduplication removed 0 rules
[info] Final newline inserted
[info] Final length of the list is 276
[info] Writing output to /tmp/tmp.Zvc61Wnh0E/BLOCK/uassets_filters_base
[info] Finished compiling
[info] Starting @adguard/hostlist-compiler v1.0.39
[info] Starting the compiler
[info] Configuration: {
    "name": "Blocklist",
    "sources": [
        {
            "source": "https://raw.githubusercontent.com/uBlockOrigin/uAssets/master/filters/privacy.txt",
            "type": "adblock"
        }
    ],
    "transformations": [
        "RemoveComments",
        "Deduplicate",
        "Compress",
        "Validate",
        "TrimLines",
        "InsertFinalNewLine"
    ]
}
[info] Start compiling https://raw.githubusercontent.com/uBlockOrigin/uAssets/master/filters/privacy.txt
[info] Original length is 2758
[info] Length after applying transformations is 2758
[info] Lines trimmed.
[info] Removed 1064 comments
[info] The list was compressed from 1697 to 1697
[info] Deduplication removed 0 rules
[info] Final newline inserted
[info] Final length of the list is 92
[info] Writing output to /tmp/tmp.Zvc61Wnh0E/BLOCK/uassets_privacy
[info] Finished compiling
