--2026-06-20 14:23:27--  https://haas.nic.cz/stats/export/2026/06/2026-06-19.json.gz
Resolving haas.nic.cz... 217.31.204.109, 2001:1488:800:400::2:109
Connecting to haas.nic.cz|217.31.204.109|:443... connected.
HTTP request sent, awaiting response... 200 OK
Length: 309430 (302K) [text/plain]
Saving to: ‘haas’

     0K .......... .......... .......... .......... .......... 16%  370K 1s
    50K .......... .......... .......... .......... .......... 33%  370K 1s
   100K .......... .......... .......... .......... .......... 49%  293M 0s
   150K .......... .......... .......... .......... .......... 66%  370K 0s
   200K .......... .......... .......... .......... .......... 82%  264M 0s
   250K .......... .......... .......... .......... .......... 99%  460M 0s
   300K ..                                                    100% 4.06T=0.4s

2026-06-20 14:23:28 (745 KB/s) - ‘haas’ saved [309430/309430]

--2026-06-20 14:23:32--  https://myip.ms/files/blacklist/general/full_blacklist_database.zip
Resolving myip.ms... 146.59.166.237, 2001:41d0:303:d9d6:237a::1
Connecting to myip.ms|146.59.166.237|:443... connected.
HTTP request sent, awaiting response... 200 OK
Length: 2702001 (2.6M) [application/zip]
Saving to: ‘myip_full_blacklist’

     0K .......... .......... .......... .......... ..........  1%  395K 7s
    50K .......... .......... .......... .......... ..........  3%  396K 6s
   100K .......... .......... .......... .......... ..........  5%  317M 4s
   150K .......... .......... .......... .......... ..........  7%  395K 5s
   200K .......... .......... .......... .......... ..........  9%  369M 4s
   250K .......... .......... .......... .......... .......... 11%  730M 3s
   300K .......... .......... .......... .......... .......... 13% 1.31M 3s
   350K .......... .......... .......... .......... .......... 15%  563K 3s
   400K .......... .......... .......... .......... .......... 17%  551M 2s
   450K .......... .......... .......... .......... .......... 18%  249M 2s
   500K .......... .......... .......... .......... .......... 20%  393M 2s
   550K .......... .......... .......... .......... .......... 22%  331M 2s
   600K .......... .......... .......... .......... .......... 24%  228M 2s
   650K .......... .......... .......... .......... .......... 26% 1.33M 2s
   700K .......... .......... .......... .......... .......... 28%  563K 2s
   750K .......... .......... .......... .......... .......... 30%  635M 1s
   800K .......... .......... .......... .......... .......... 32%  590M 1s
   850K .......... .......... .......... .......... .......... 34%  313M 1s
   900K .......... .......... .......... .......... .......... 36%  655M 1s
   950K .......... .......... .......... .......... .......... 37%  293M 1s
  1000K .......... .......... .......... .......... .......... 39%  535M 1s
  1050K .......... .......... .......... .......... .......... 41%  742M 1s
  1100K .......... .......... .......... .......... .......... 43%  264M 1s
  1150K .......... .......... .......... .......... .......... 45%  376M 1s
  1200K .......... .......... .......... .......... .......... 47%  276M 1s
  1250K .......... .......... .......... .......... .......... 49%  310M 1s
  1300K .......... .......... .......... .......... .......... 51%  283M 1s
  1350K .......... .......... .......... .......... .......... 53% 1.36M 1s
  1400K .......... .......... .......... .......... .......... 54%  483M 1s
  1450K .......... .......... .......... .......... .......... 56%  563K 1s
  1500K .......... .......... .......... .......... .......... 58%  774M 1s
  1550K .......... .......... .......... .......... .......... 60%  129M 0s
  1600K .......... .......... .......... .......... .......... 62%  541M 0s
  1650K .......... .......... .......... .......... .......... 64%  635M 0s
  1700K .......... .......... .......... .......... .......... 66%  913M 0s
  1750K .......... .......... .......... .......... .......... 68%  714M 0s
  1800K .......... .......... .......... .......... .......... 70%  584M 0s
  1850K .......... .......... .......... .......... .......... 72%  842M 0s
  1900K .......... .......... .......... .......... .......... 73%  850M 0s
  1950K .......... .......... .......... .......... .......... 75%  515M 0s
  2000K .......... .......... .......... .......... .......... 77%  938M 0s
  2050K .......... .......... .......... .......... .......... 79%  950M 0s
  2100K .......... .......... .......... .......... .......... 81%  324M 0s
  2150K .......... .......... .......... .......... .......... 83%  607M 0s
  2200K .......... .......... .......... .......... .......... 85%  891M 0s
  2250K .......... .......... .......... .......... .......... 87%  510M 0s
  2300K .......... .......... .......... .......... .......... 89%  558M 0s
  2350K .......... .......... .......... .......... .......... 90%  550M 0s
  2400K .......... .......... .......... .......... .......... 92%  964M 0s
  2450K .......... .......... .......... .......... .......... 94%  240M 0s
  2500K .......... .......... .......... .......... .......... 96%  616M 0s
  2550K .......... .......... .......... .......... .......... 98%  870M 0s
  2600K .......... .......... .......... ........             100% 1.09G=0.8s

2026-06-20 14:23:34 (3.39 MB/s) - ‘myip_full_blacklist’ saved [2702001/2702001]

--2026-06-20 14:23:34--  https://myip.ms/files/bots/live_webcrawlers.txt
Resolving myip.ms... 146.59.166.237, 2001:41d0:303:d9d6:237a::1
Connecting to myip.ms|146.59.166.237|:443... connected.
HTTP request sent, awaiting response... 200 OK
Length: 6563883 (6.3M) [text/plain]
Saving to: ‘myip_webcrawlers’

     0K .......... .......... .......... .......... ..........  0%  407K 16s
    50K .......... .......... .......... .......... ..........  1%  406K 16s
   100K .......... .......... .......... .......... ..........  2%  370M 10s
   150K .......... .......... .......... .......... ..........  3%  406K 11s
   200K .......... .......... .......... .......... ..........  3%  291M 9s
   250K .......... .......... .......... .......... ..........  4%  387M 8s
   300K .......... .......... .......... .......... ..........  5%  408K 9s
   350K .......... .......... .......... .......... ..........  6%  216M 7s
   400K .......... .......... .......... .......... ..........  7%  138M 7s
   450K .......... .......... .......... .......... ..........  7%  377M 6s
   500K .......... .......... .......... .......... ..........  8%  817M 5s
   550K .......... .......... .......... .......... ..........  9%  186M 5s
   600K .......... .......... .......... .......... .......... 10% 1.33M 5s
   650K .......... .......... .......... .......... .......... 10%  584K 5s
   700K .......... .......... .......... .......... .......... 11%  612M 5s
   750K .......... .......... .......... .......... .......... 12%  561M 4s
   800K .......... .......... .......... .......... .......... 13% 85.5M 4s
   850K .......... .......... .......... .......... .......... 14%  229M 4s
   900K .......... .......... .......... .......... .......... 14%  406M 4s
   950K .......... .......... .......... .......... .......... 15%  571M 3s
  1000K .......... .......... .......... .......... .......... 16%  461M 3s
  1050K .......... .......... .......... .......... .......... 17%  598M 3s
  1100K .......... .......... .......... .......... .......... 17%  559M 3s
  1150K .......... .......... .......... .......... .......... 18%  499M 3s
  1200K .......... .......... .......... .......... .......... 19%  361M 3s
  1250K .......... .......... .......... .......... .......... 20% 1.36M 3s
  1300K .......... .......... .......... .......... .......... 21%  585K 3s
  1350K .......... .......... .......... .......... .......... 21%  396M 3s
  1400K .......... .......... .......... .......... .......... 22%  641M 3s
  1450K .......... .......... .......... .......... .......... 23%  572M 2s
  1500K .......... .......... .......... .......... .......... 24%  756M 2s
  1550K .......... .......... .......... .......... .......... 24%  611M 2s
  1600K .......... .......... .......... .......... .......... 25%  872M 2s
  1650K .......... .......... .......... .......... .......... 26%  177M 2s
  1700K .......... .......... .......... .......... .......... 27%  347M 2s
  1750K .......... .......... .......... .......... .......... 28%  300M 2s
  1800K .......... .......... .......... .......... .......... 28%  597M 2s
  1850K .......... .......... .......... .......... .......... 29%  367M 2s
  1900K .......... .......... .......... .......... .......... 30%  429M 2s
  1950K .......... .......... .......... .......... .......... 31%  422M 2s
  2000K .......... .......... .......... .......... .......... 31%  507M 2s
  2050K .......... .......... .......... .......... .......... 32%  459M 2s
  2100K .......... .......... .......... .......... .......... 33%  562M 1s
  2150K .......... .......... .......... .......... .......... 34%  368M 1s
  2200K .......... .......... .......... .......... .......... 35%  380M 1s
  2250K .......... .......... .......... .......... .......... 35%  416M 1s
  2300K .......... .......... .......... .......... .......... 36%  123M 1s
  2350K .......... .......... .......... .......... .......... 37%  324M 1s
  2400K .......... .......... .......... .......... .......... 38%  439M 1s
  2450K .......... .......... .......... .......... .......... 39%  903M 1s
  2500K .......... .......... .......... .......... .......... 39% 1.40M 1s
  2550K .......... .......... .......... .......... .......... 40%  674M 1s
  2600K .......... .......... .......... .......... .......... 41%  890M 1s
  2650K .......... .......... .......... .......... .......... 42%  588K 1s
  2700K .......... .......... .......... .......... .......... 42%  498M 1s
  2750K .......... .......... .......... .......... .......... 43%  421M 1s
  2800K .......... .......... .......... .......... .......... 44%  780M 1s
  2850K .......... .......... .......... .......... .......... 45%  889M 1s
  2900K .......... .......... .......... .......... .......... 46%  974M 1s
  2950K .......... .......... .......... .......... .......... 46%  371M 1s
  3000K .......... .......... .......... .......... .......... 47%  791M 1s
  3050K .......... .......... .......... .......... .......... 48%  938M 1s
  3100K .......... .......... .......... .......... .......... 49%  457M 1s
  3150K .......... .......... .......... .......... .......... 49%  428M 1s
  3200K .......... .......... .......... .......... .......... 50%  638M 1s
  3250K .......... .......... .......... .......... .......... 51%  885M 1s
  3300K .......... .......... .......... .......... .......... 52%  627M 1s
  3350K .......... .......... .......... .......... .......... 53%  690M 1s
  3400K .......... .......... .......... .......... .......... 53%  579M 1s
  3450K .......... .......... .......... .......... .......... 54%  664M 1s
  3500K .......... .......... .......... .......... .......... 55%  551M 1s
  3550K .......... .......... .......... .......... .......... 56%  655M 1s
  3600K .......... .......... .......... .......... .......... 56%  726M 1s
  3650K .......... .......... .......... .......... .......... 57%  445M 1s
  3700K .......... .......... .......... .......... .......... 58%  541M 1s
  3750K .......... .......... .......... .......... .......... 59%  791M 1s
  3800K .......... .......... .......... .......... .......... 60%  706M 1s
  3850K .......... .......... .......... .......... .......... 60%  873M 1s
  3900K .......... .......... .......... .......... .......... 61%  696M 1s
  3950K .......... .......... .......... .......... .......... 62%  438M 1s
  4000K .......... .......... .......... .......... .......... 63%  704M 1s
  4050K .......... .......... .......... .......... .......... 63%  593M 0s
  4100K .......... .......... .......... .......... .......... 64%  704M 0s
  4150K .......... .......... .......... .......... .......... 65%  679M 0s
  4200K .......... .......... .......... .......... .......... 66%  632M 0s
  4250K .......... .......... .......... .......... .......... 67%  677M 0s
  4300K .......... .......... .......... .......... .......... 67%  659M 0s
  4350K .......... .......... .......... .......... .......... 68%  634M 0s
  4400K .......... .......... .......... .......... .......... 69%  916M 0s
  4450K .......... .......... .......... .......... .......... 70%  608M 0s
  4500K .......... .......... .......... .......... .......... 70%  714M 0s
  4550K .......... .......... .......... .......... .......... 71%  766M 0s
  4600K .......... .......... .......... .......... .......... 72%  886M 0s
  4650K .......... .......... .......... .......... .......... 73%  402M 0s
  4700K .......... .......... .......... .......... .......... 74%  585M 0s
  4750K .......... .......... .......... .......... .......... 74%  654M 0s
  4800K .......... .......... .......... .......... .......... 75%  854M 0s
  4850K .......... .......... .......... .......... .......... 76%  814M 0s
  4900K .......... .......... .......... .......... .......... 77%  885M 0s
  4950K .......... .......... .......... .......... .......... 78%  833M 0s
  5000K .......... .......... .......... .......... .......... 78% 1.43M 0s
  5050K .......... .......... .......... .......... .......... 79%  552M 0s
  5100K .......... .......... .......... .......... .......... 80%  382M 0s
  5150K .......... .......... .......... .......... .......... 81%  544M 0s
  5200K .......... .......... .......... .......... .......... 81% 1012M 0s
  5250K .......... .......... .......... .......... .......... 82%  566M 0s
  5300K .......... .......... .......... .......... .......... 83%  580K 0s
  5350K .......... .......... .......... .......... .......... 84%  402M 0s
  5400K .......... .......... .......... .......... .......... 85%  767M 0s
  5450K .......... .......... .......... .......... .......... 85%  112M 0s
  5500K .......... .......... .......... .......... .......... 86%  308M 0s
  5550K .......... .......... .......... .......... .......... 87%  697M 0s
  5600K .......... .......... .......... .......... .......... 88%  897M 0s
  5650K .......... .......... .......... .......... .......... 88%  358M 0s
  5700K .......... .......... .......... .......... .......... 89%  236M 0s
  5750K .......... .......... .......... .......... .......... 90%  613M 0s
  5800K .......... .......... .......... .......... .......... 91%  884M 0s
  5850K .......... .......... .......... .......... .......... 92%  932M 0s
  5900K .......... .......... .......... .......... .......... 92%  857M 0s
  5950K .......... .......... .......... .......... .......... 93%  398M 0s
  6000K .......... .......... .......... .......... .......... 94%  829M 0s
  6050K .......... .......... .......... .......... .......... 95%  638M 0s
  6100K .......... .......... .......... .......... .......... 95%  907M 0s
  6150K .......... .......... .......... .......... .......... 96%  949M 0s
  6200K .......... .......... .......... .......... .......... 97%  281M 0s
  6250K .......... .......... .......... .......... .......... 98%  644M 0s
  6300K .......... .......... .......... .......... .......... 99%  934M 0s
  6350K .......... .......... .......... .......... .......... 99%  721M 0s
  6400K ..........                                            100% 18.7T=1.0s

2026-06-20 14:23:35 (6.34 MB/s) - ‘myip_webcrawlers’ saved [6563883/6563883]

--2026-06-20 14:23:35--  http://wget-mirrors.uceprotect.net/rbldnsd-all/ips.backscatterer.org.gz
Resolving wget-mirrors.uceprotect.net... 72.13.86.154, 209.126.213.95, 193.138.29.13, ...
Connecting to wget-mirrors.uceprotect.net|72.13.86.154|:80... connected.
HTTP request sent, awaiting response... 403 Forbidden
2026-06-20 14:23:35 ERROR 403: Forbidden.

--2026-06-20 14:23:35--  http://wget-mirrors.uceprotect.net/rbldnsd-all/dnsbl-1.uceprotect.net.gz
Resolving wget-mirrors.uceprotect.net... 72.13.86.154, 209.126.213.95, 193.138.29.13, ...
Connecting to wget-mirrors.uceprotect.net|72.13.86.154|:80... connected.
HTTP request sent, awaiting response... 200 OK
Length: 184891 (181K) [text/plain]
Saving to: ‘uceprotect_level_1’

     0K .......... .......... .......... .......... .......... 27%  461K 0s
    50K .......... .......... .......... .......... .......... 55%  612K 0s
   100K .......... .......... .......... .......... .......... 83%  611K 0s
   150K .......... .......... ..........                      100%  559K=0.3s

2026-06-20 14:23:36 (553 KB/s) - ‘uceprotect_level_1’ saved [184891/184891]

--2026-06-20 14:23:36--  http://wget-mirrors.uceprotect.net/rbldnsd-all/dnsbl-2.uceprotect.net.gz
Resolving wget-mirrors.uceprotect.net... 72.13.86.154, 209.126.213.95, 193.138.29.13, ...
Connecting to wget-mirrors.uceprotect.net|72.13.86.154|:80... connected.
HTTP request sent, awaiting response... 200 OK
Length: 252642 (247K) [text/plain]
Saving to: ‘uceprotect_level_2’

     0K .......... .......... .......... .......... .......... 20%  455K 0s
    50K .......... .......... .......... .......... .......... 40%  606K 0s
   100K .......... .......... .......... .......... .......... 60%  609K 0s
   150K .......... .......... .......... .......... .......... 81%  613K 0s
   200K .......... .......... .......... .......... ......    100%  570K=0.4s

2026-06-20 14:23:36 (563 KB/s) - ‘uceprotect_level_2’ saved [252642/252642]

--2026-06-20 14:23:36--  http://wget-mirrors.uceprotect.net/rbldnsd-all/dnsbl-3.uceprotect.net.gz
Resolving wget-mirrors.uceprotect.net... 72.13.86.154, 209.126.213.95, 193.138.29.13, ...
Connecting to wget-mirrors.uceprotect.net|72.13.86.154|:80... connected.
HTTP request sent, awaiting response... 200 OK
Length: 511589 (500K) [text/plain]
Saving to: ‘uceprotect_level_3’

     0K .......... .......... .......... .......... .......... 10%  467K 1s
    50K .......... .......... .......... .......... .......... 20%  923K 1s
   100K .......... .......... .......... .......... .......... 30%  473K 1s
   150K .......... .......... .......... .......... .......... 40%  628K 1s
   200K .......... .......... .......... .......... .......... 50%  623K 0s
   250K .......... .......... .......... .......... .......... 60%  627K 0s
   300K .......... .......... .......... .......... .......... 70%  627K 0s
   350K .......... .......... .......... .......... .......... 80%  625K 0s
   400K .......... .......... .......... .......... .......... 90%  622K 0s
   450K .......... .......... .......... .......... ......... 100%  619K=0.8s

2026-06-20 14:23:37 (604 KB/s) - ‘uceprotect_level_3’ saved [511589/511589]

--2026-06-20 14:23:37--  https://zonefiles.io/f/compromised/domains/live/
Resolving zonefiles.io... failed: No IPv4/IPv6 addresses for host.
wget: unable to resolve host address ‘zonefiles.io’
--2026-06-20 14:23:37--  https://zonefiles.io/f/compromised/ip/live/
Resolving zonefiles.io... failed: No IPv4/IPv6 addresses for host.
wget: unable to resolve host address ‘zonefiles.io’
